<?xml version="1.0" encoding="UTF-8"?>
<!-- Generated by org.testng.reporters.JUnitReportReporter -->
<testsuite skipped="0" hostname="JAIN07" name="com.nopcommerce.demo.testsuite.ElectronicsTest" tests="2" failures="0" timestamp="2023-07-18T21:02:37 BST" time="18.490" errors="0">
  <testcase name="verifyUserShouldNavigateToCellPhonesPageSuccessfully" time="4.404" classname="com.nopcommerce.demo.testsuite.ElectronicsTest"/>
  <system-out/>
  <testcase name="verifyThatTheProductAddedSuccessfullyAndPlaceOrderSuccessfully" time="14.086" classname="com.nopcommerce.demo.testsuite.ElectronicsTest"/>
  <system-out/>
</testsuite> <!-- com.nopcommerce.demo.testsuite.ElectronicsTest -->
